<?xml version="1.0" encoding="UTF-8"?>
<testsuite name="de.tud.cs.se.flashcards.model.learning.PermutationTest" tests="1" skipped="0" failures="0" errors="0" timestamp="2020-01-02T12:37:12" hostname="DESKTOP-D1HR526" time="0.0">
  <properties/>
  <testcase name="testPermutation" classname="de.tud.cs.se.flashcards.model.learning.PermutationTest" time="0.0"/>
  <system-out><![CDATA[]]></system-out>
  <system-err><![CDATA[]]></system-err>
</testsuite>
